{"C:\\Users\\Victor\\workspaces\\BaroTrader\\BaroTrader\\src\\index.js": {"path":"C:\\Users\\Victor\\workspaces\\BaroTrader\\BaroTrader\\src\\index.js","statementMap":{"0":{"start":{"line":4,"column":12},"end":{"line":4,"column":21}},"1":{"start":{"line":5,"column":13},"end":{"line":5,"column":17}},"2":{"start":{"line":7,"column":0},"end":{"line":7,"column":24}},"3":{"start":{"line":8,"column":0},"end":{"line":8,"column":49}},"4":{"start":{"line":9,"column":0},"end":{"line":9,"column":16}},"5":{"start":{"line":11,"column":0},"end":{"line":13,"column":3}},"6":{"start":{"line":12,"column":2},"end":{"line":12,"column":55}}},"fnMap":{"0":{"name":"(anonymous_0)","decl":{"start":{"line":11,"column":17},"end":{"line":11,"column":18}},"loc":{"start":{"line":11,"column":23},"end":{"line":13,"column":1}},"line":11}},"branchMap":{},"s":{"0":0,"1":0,"2":0,"3":0,"4":0,"5":0,"6":0},"f":{"0":0},"b":{}}
,"C:\\Users\\Victor\\workspaces\\BaroTrader\\BaroTrader\\src\\routes.js": {"path":"C:\\Users\\Victor\\workspaces\\BaroTrader\\BaroTrader\\src\\routes.js","statementMap":{"0":{"start":{"line":6,"column":15},"end":{"line":6,"column":31}},"1":{"start":{"line":8,"column":19},"end":{"line":8,"column":49}},"2":{"start":{"line":9,"column":18},"end":{"line":9,"column":42}},"3":{"start":{"line":11,"column":17},"end":{"line":11,"column":37}},"4":{"start":{"line":12,"column":25},"end":{"line":12,"column":63}},"5":{"start":{"line":13,"column":26},"end":{"line":13,"column":65}},"6":{"start":{"line":14,"column":26},"end":{"line":14,"column":65}},"7":{"start":{"line":15,"column":27},"end":{"line":15,"column":67}},"8":{"start":{"line":16,"column":19},"end":{"line":16,"column":48}},"9":{"start":{"line":19,"column":0},"end":{"line":19,"column":57}},"10":{"start":{"line":22,"column":0},"end":{"line":22,"column":71}},"11":{"start":{"line":23,"column":0},"end":{"line":23,"column":69}},"12":{"start":{"line":26,"column":0},"end":{"line":26,"column":73}},"13":{"start":{"line":27,"column":0},"end":{"line":27,"column":71}},"14":{"start":{"line":30,"column":0},"end":{"line":30,"column":35}},"15":{"start":{"line":33,"column":0},"end":{"line":35,"column":3}},"16":{"start":{"line":34,"column":2},"end":{"line":34,"column":57}},"17":{"start":{"line":38,"column":0},"end":{"line":40,"column":3}},"18":{"start":{"line":39,"column":2},"end":{"line":39,"column":41}},"19":{"start":{"line":43,"column":0},"end":{"line":49,"column":3}},"20":{"start":{"line":44,"column":2},"end":{"line":44,"column":21}},"21":{"start":{"line":45,"column":2},"end":{"line":47,"column":3}},"22":{"start":{"line":46,"column":4},"end":{"line":46,"column":21}},"23":{"start":{"line":48,"column":2},"end":{"line":48,"column":48}}},"fnMap":{"0":{"name":"(anonymous_0)","decl":{"start":{"line":33,"column":16},"end":{"line":33,"column":17}},"loc":{"start":{"line":33,"column":30},"end":{"line":35,"column":1}},"line":33},"1":{"name":"(anonymous_1)","decl":{"start":{"line":38,"column":11},"end":{"line":38,"column":12}},"loc":{"start":{"line":38,"column":25},"end":{"line":40,"column":1}},"line":38},"2":{"name":"(anonymous_2)","decl":{"start":{"line":43,"column":11},"end":{"line":43,"column":12}},"loc":{"start":{"line":43,"column":36},"end":{"line":49,"column":1}},"line":43}},"branchMap":{"0":{"loc":{"start":{"line":45,"column":2},"end":{"line":47,"column":3}},"type":"if","locations":[{"start":{"line":45,"column":2},"end":{"line":47,"column":3}},{"start":{},"end":{}}],"line":45}},"s":{"0":0,"1":0,"2":0,"3":0,"4":0,"5":0,"6":0,"7":0,"8":0,"9":0,"10":0,"11":0,"12":0,"13":0,"14":0,"15":0,"16":0,"17":0,"18":0,"19":0,"20":0,"21":0,"22":0,"23":0},"f":{"0":0,"1":0,"2":0},"b":{"0":[0,0]}}
,"C:\\Users\\Victor\\workspaces\\BaroTrader\\BaroTrader\\src\\db\\pool.js": {"path":"C:\\Users\\Victor\\workspaces\\BaroTrader\\BaroTrader\\src\\db\\pool.js","statementMap":{"0":{"start":{"line":8,"column":12},"end":{"line":8,"column":39}},"1":{"start":{"line":11,"column":4},"end":{"line":16,"column":6}},"2":{"start":{"line":12,"column":37},"end":{"line":12,"column":58}},"3":{"start":{"line":13,"column":39},"end":{"line":13,"column":63}},"4":{"start":{"line":14,"column":27},"end":{"line":14,"column":57}},"5":{"start":{"line":19,"column":11},"end":{"line":19,"column":52}}},"fnMap":{"0":{"name":"wrapConnection","decl":{"start":{"line":10,"column":9},"end":{"line":10,"column":23}},"loc":{"start":{"line":10,"column":30},"end":{"line":17,"column":1}},"line":10},"1":{"name":"(anonymous_1)","decl":{"start":{"line":12,"column":15},"end":{"line":12,"column":16}},"loc":{"start":{"line":12,"column":37},"end":{"line":12,"column":58}},"line":12},"2":{"name":"(anonymous_2)","decl":{"start":{"line":13,"column":17},"end":{"line":13,"column":18}},"loc":{"start":{"line":13,"column":39},"end":{"line":13,"column":63}},"line":13},"3":{"name":"(anonymous_3)","decl":{"start":{"line":14,"column":15},"end":{"line":14,"column":16}},"loc":{"start":{"line":14,"column":27},"end":{"line":14,"column":57}},"line":14}},"branchMap":{"0":{"loc":{"start":{"line":12,"column":21},"end":{"line":12,"column":32}},"type":"default-arg","locations":[{"start":{"line":12,"column":30},"end":{"line":12,"column":32}}],"line":12},"1":{"loc":{"start":{"line":13,"column":23},"end":{"line":13,"column":34}},"type":"default-arg","locations":[{"start":{"line":13,"column":32},"end":{"line":13,"column":34}}],"line":13},"2":{"loc":{"start":{"line":14,"column":27},"end":{"line":14,"column":57}},"type":"binary-expr","locations":[{"start":{"line":14,"column":27},"end":{"line":14,"column":37}},{"start":{"line":14,"column":41},"end":{"line":14,"column":57}}],"line":14}},"s":{"0":0,"1":0,"2":0,"3":0,"4":0,"5":0},"f":{"0":0,"1":0,"2":0,"3":0},"b":{"0":[0],"1":[0],"2":[0,0]}}
,"C:\\Users\\Victor\\workspaces\\BaroTrader\\BaroTrader\\src\\models\\user\\index.js": {"path":"C:\\Users\\Victor\\workspaces\\BaroTrader\\BaroTrader\\src\\models\\user\\index.js","statementMap":{"0":{"start":{"line":16,"column":18},"end":{"line":16,"column":22}},"1":{"start":{"line":27,"column":4},"end":{"line":29,"column":5}},"2":{"start":{"line":28,"column":8},"end":{"line":28,"column":42}},"3":{"start":{"line":30,"column":4},"end":{"line":30,"column":23}},"4":{"start":{"line":40,"column":4},"end":{"line":40,"column":21}},"5":{"start":{"line":41,"column":4},"end":{"line":41,"column":23}}},"fnMap":{"0":{"name":"getUserModel","decl":{"start":{"line":18,"column":16},"end":{"line":18,"column":28}},"loc":{"start":{"line":18,"column":31},"end":{"line":31,"column":1}},"line":18},"1":{"name":"closeUserModel","decl":{"start":{"line":33,"column":22},"end":{"line":33,"column":36}},"loc":{"start":{"line":33,"column":39},"end":{"line":42,"column":1}},"line":33}},"branchMap":{"0":{"loc":{"start":{"line":27,"column":4},"end":{"line":29,"column":5}},"type":"if","locations":[{"start":{"line":27,"column":4},"end":{"line":29,"column":5}},{"start":{},"end":{}}],"line":27}},"s":{"0":0,"1":0,"2":0,"3":0,"4":0,"5":0},"f":{"0":0,"1":0},"b":{"0":[0,0]}}
,"C:\\Users\\Victor\\workspaces\\BaroTrader\\BaroTrader\\src\\models\\user\\userModel.js": {"path":"C:\\Users\\Victor\\workspaces\\BaroTrader\\BaroTrader\\src\\models\\user\\userModel.js","statementMap":{"0":{"start":{"line":17,"column":4},"end":{"line":17,"column":26}},"1":{"start":{"line":17,"column":14},"end":{"line":17,"column":26}},"2":{"start":{"line":18,"column":4},"end":{"line":24,"column":6}},"3":{"start":{"line":34,"column":4},"end":{"line":36,"column":5}},"4":{"start":{"line":35,"column":8},"end":{"line":35,"column":112}},"5":{"start":{"line":48,"column":8},"end":{"line":50,"column":10}},"6":{"start":{"line":60,"column":8},"end":{"line":62,"column":9}},"7":{"start":{"line":61,"column":12},"end":{"line":61,"column":85}},"8":{"start":{"line":64,"column":21},"end":{"line":68,"column":10}},"9":{"start":{"line":70,"column":8},"end":{"line":70,"column":32}},"10":{"start":{"line":80,"column":8},"end":{"line":80,"column":35}},"11":{"start":{"line":80,"column":23},"end":{"line":80,"column":35}},"12":{"start":{"line":81,"column":21},"end":{"line":81,"column":84}},"13":{"start":{"line":82,"column":8},"end":{"line":82,"column":32}},"14":{"start":{"line":92,"column":8},"end":{"line":92,"column":29}},"15":{"start":{"line":92,"column":17},"end":{"line":92,"column":29}},"16":{"start":{"line":93,"column":21},"end":{"line":93,"column":72}},"17":{"start":{"line":94,"column":8},"end":{"line":94,"column":32}},"18":{"start":{"line":97,"column":4},"end":{"line":102,"column":6}}},"fnMap":{"0":{"name":"mapUser","decl":{"start":{"line":11,"column":9},"end":{"line":11,"column":16}},"loc":{"start":{"line":11,"column":22},"end":{"line":25,"column":1}},"line":11},"1":{"name":"createUserModel","decl":{"start":{"line":27,"column":16},"end":{"line":27,"column":31}},"loc":{"start":{"line":27,"column":36},"end":{"line":103,"column":1}},"line":27},"2":{"name":"ensureTable","decl":{"start":{"line":38,"column":19},"end":{"line":38,"column":30}},"loc":{"start":{"line":38,"column":33},"end":{"line":51,"column":5}},"line":38},"3":{"name":"createUser","decl":{"start":{"line":53,"column":19},"end":{"line":53,"column":29}},"loc":{"start":{"line":53,"column":72},"end":{"line":71,"column":5}},"line":53},"4":{"name":"findByUsername","decl":{"start":{"line":73,"column":19},"end":{"line":73,"column":33}},"loc":{"start":{"line":73,"column":44},"end":{"line":83,"column":5}},"line":73},"5":{"name":"findById","decl":{"start":{"line":85,"column":19},"end":{"line":85,"column":27}},"loc":{"start":{"line":85,"column":32},"end":{"line":95,"column":5}},"line":85}},"branchMap":{"0":{"loc":{"start":{"line":17,"column":4},"end":{"line":17,"column":26}},"type":"if","locations":[{"start":{"line":17,"column":4},"end":{"line":17,"column":26}},{"start":{},"end":{}}],"line":17},"1":{"loc":{"start":{"line":34,"column":4},"end":{"line":36,"column":5}},"type":"if","locations":[{"start":{"line":34,"column":4},"end":{"line":36,"column":5}},{"start":{},"end":{}}],"line":34},"2":{"loc":{"start":{"line":34,"column":8},"end":{"line":34,"column":81}},"type":"binary-expr","locations":[{"start":{"line":34,"column":8},"end":{"line":34,"column":11}},{"start":{"line":34,"column":15},"end":{"line":34,"column":45}},{"start":{"line":34,"column":49},"end":{"line":34,"column":81}}],"line":34},"3":{"loc":{"start":{"line":60,"column":8},"end":{"line":62,"column":9}},"type":"if","locations":[{"start":{"line":60,"column":8},"end":{"line":62,"column":9}},{"start":{},"end":{}}],"line":60},"4":{"loc":{"start":{"line":60,"column":12},"end":{"line":60,"column":55}},"type":"binary-expr","locations":[{"start":{"line":60,"column":12},"end":{"line":60,"column":21}},{"start":{"line":60,"column":25},"end":{"line":60,"column":38}},{"start":{"line":60,"column":42},"end":{"line":60,"column":55}}],"line":60},"5":{"loc":{"start":{"line":80,"column":8},"end":{"line":80,"column":35}},"type":"if","locations":[{"start":{"line":80,"column":8},"end":{"line":80,"column":35}},{"start":{},"end":{}}],"line":80},"6":{"loc":{"start":{"line":92,"column":8},"end":{"line":92,"column":29}},"type":"if","locations":[{"start":{"line":92,"column":8},"end":{"line":92,"column":29}},{"start":{},"end":{}}],"line":92}},"s":{"0":0,"1":0,"2":0,"3":0,"4":0,"5":0,"6":0,"7":0,"8":0,"9":0,"10":0,"11":0,"12":0,"13":0,"14":0,"15":0,"16":0,"17":0,"18":0},"f":{"0":0,"1":0,"2":0,"3":0,"4":0,"5":0},"b":{"0":[0,0],"1":[0,0],"2":[0,0,0],"3":[0,0],"4":[0,0,0],"5":[0,0],"6":[0,0]}}
,"C:\\Users\\Victor\\workspaces\\BaroTrader\\BaroTrader\\src\\private\\assets\\js\\logged.js": {"path":"C:\\Users\\Victor\\workspaces\\BaroTrader\\BaroTrader\\src\\private\\assets\\js\\logged.js","statementMap":{"0":{"start":{"line":1,"column":21},"end":{"line":1,"column":68}},"1":{"start":{"line":4,"column":0},"end":{"line":7,"column":3}},"2":{"start":{"line":5,"column":2},"end":{"line":5,"column":25}},"3":{"start":{"line":6,"column":2},"end":{"line":6,"column":29}}},"fnMap":{"0":{"name":"(anonymous_0)","decl":{"start":{"line":4,"column":40},"end":{"line":4,"column":41}},"loc":{"start":{"line":4,"column":51},"end":{"line":7,"column":1}},"line":4}},"branchMap":{},"s":{"0":0,"1":0,"2":0,"3":0},"f":{"0":0},"b":{}}
,"C:\\Users\\Victor\\workspaces\\BaroTrader\\BaroTrader\\src\\public\\assets\\js\\home.js": {"path":"C:\\Users\\Victor\\workspaces\\BaroTrader\\BaroTrader\\src\\public\\assets\\js\\home.js","statementMap":{"0":{"start":{"line":1,"column":20},"end":{"line":1,"column":59}},"1":{"start":{"line":4,"column":0},"end":{"line":7,"column":3}},"2":{"start":{"line":5,"column":2},"end":{"line":5,"column":25}},"3":{"start":{"line":6,"column":2},"end":{"line":6,"column":67}}},"fnMap":{"0":{"name":"(anonymous_0)","decl":{"start":{"line":4,"column":39},"end":{"line":4,"column":40}},"loc":{"start":{"line":4,"column":50},"end":{"line":7,"column":1}},"line":4}},"branchMap":{},"s":{"0":0,"1":0,"2":0,"3":0},"f":{"0":0},"b":{}}
,"C:\\Users\\Victor\\workspaces\\BaroTrader\\BaroTrader\\src\\public\\assets\\js\\register.js": {"path":"C:\\Users\\Victor\\workspaces\\BaroTrader\\BaroTrader\\src\\public\\assets\\js\\register.js","statementMap":{"0":{"start":{"line":3,"column":21},"end":{"line":3,"column":61}},"1":{"start":{"line":4,"column":22},"end":{"line":4,"column":63}},"2":{"start":{"line":5,"column":22},"end":{"line":5,"column":66}},"3":{"start":{"line":6,"column":17},"end":{"line":6,"column":61}},"4":{"start":{"line":9,"column":2},"end":{"line":9,"column":25}},"5":{"start":{"line":11,"column":2},"end":{"line":14,"column":3}},"6":{"start":{"line":12,"column":4},"end":{"line":12,"column":69}},"7":{"start":{"line":13,"column":4},"end":{"line":13,"column":11}},"8":{"start":{"line":16,"column":2},"end":{"line":19,"column":3}},"9":{"start":{"line":17,"column":4},"end":{"line":17,"column":34}},"10":{"start":{"line":18,"column":4},"end":{"line":18,"column":11}},"11":{"start":{"line":21,"column":33},"end":{"line":21,"column":87}},"12":{"start":{"line":23,"column":2},"end":{"line":54,"column":3}},"13":{"start":{"line":24,"column":21},"end":{"line":28,"column":6}},"14":{"start":{"line":30,"column":17},"end":{"line":30,"column":56}},"15":{"start":{"line":30,"column":52},"end":{"line":30,"column":54}},"16":{"start":{"line":32,"column":4},"end":{"line":35,"column":5}},"17":{"start":{"line":33,"column":6},"end":{"line":33,"column":58}},"18":{"start":{"line":34,"column":6},"end":{"line":34,"column":13}},"19":{"start":{"line":37,"column":4},"end":{"line":40,"column":5}},"20":{"start":{"line":38,"column":6},"end":{"line":38,"column":70}},"21":{"start":{"line":39,"column":6},"end":{"line":39,"column":13}},"22":{"start":{"line":42,"column":4},"end":{"line":45,"column":5}},"23":{"start":{"line":43,"column":6},"end":{"line":43,"column":82}},"24":{"start":{"line":44,"column":6},"end":{"line":44,"column":13}},"25":{"start":{"line":47,"column":4},"end":{"line":47,"column":67}},"26":{"start":{"line":48,"column":4},"end":{"line":50,"column":12}},"27":{"start":{"line":49,"column":6},"end":{"line":49,"column":71}},"28":{"start":{"line":52,"column":4},"end":{"line":52,"column":50}},"29":{"start":{"line":53,"column":4},"end":{"line":53,"column":79}},"30":{"start":{"line":57,"column":0},"end":{"line":57,"column":61}}},"fnMap":{"0":{"name":"submitRegistration","decl":{"start":{"line":8,"column":15},"end":{"line":8,"column":33}},"loc":{"start":{"line":8,"column":41},"end":{"line":55,"column":1}},"line":8},"1":{"name":"(anonymous_1)","decl":{"start":{"line":30,"column":45},"end":{"line":30,"column":46}},"loc":{"start":{"line":30,"column":52},"end":{"line":30,"column":54}},"line":30},"2":{"name":"(anonymous_2)","decl":{"start":{"line":48,"column":15},"end":{"line":48,"column":16}},"loc":{"start":{"line":48,"column":21},"end":{"line":50,"column":5}},"line":48}},"branchMap":{"0":{"loc":{"start":{"line":11,"column":2},"end":{"line":14,"column":3}},"type":"if","locations":[{"start":{"line":11,"column":2},"end":{"line":14,"column":3}},{"start":{},"end":{}}],"line":11},"1":{"loc":{"start":{"line":11,"column":6},"end":{"line":11,"column":55}},"type":"binary-expr","locations":[{"start":{"line":11,"column":6},"end":{"line":11,"column":19}},{"start":{"line":11,"column":23},"end":{"line":11,"column":37}},{"start":{"line":11,"column":41},"end":{"line":11,"column":55}}],"line":11},"2":{"loc":{"start":{"line":16,"column":2},"end":{"line":19,"column":3}},"type":"if","locations":[{"start":{"line":16,"column":2},"end":{"line":19,"column":3}},{"start":{},"end":{}}],"line":16},"3":{"loc":{"start":{"line":32,"column":4},"end":{"line":35,"column":5}},"type":"if","locations":[{"start":{"line":32,"column":4},"end":{"line":35,"column":5}},{"start":{},"end":{}}],"line":32},"4":{"loc":{"start":{"line":37,"column":4},"end":{"line":40,"column":5}},"type":"if","locations":[{"start":{"line":37,"column":4},"end":{"line":40,"column":5}},{"start":{},"end":{}}],"line":37},"5":{"loc":{"start":{"line":42,"column":4},"end":{"line":45,"column":5}},"type":"if","locations":[{"start":{"line":42,"column":4},"end":{"line":45,"column":5}},{"start":{},"end":{}}],"line":42},"6":{"loc":{"start":{"line":43,"column":28},"end":{"line":43,"column":74}},"type":"binary-expr","locations":[{"start":{"line":43,"column":28},"end":{"line":43,"column":38}},{"start":{"line":43,"column":42},"end":{"line":43,"column":74}}],"line":43}},"s":{"0":13,"1":13,"2":13,"3":13,"4":12,"5":12,"6":1,"7":1,"8":11,"9":3,"10":3,"11":8,"12":8,"13":8,"14":7,"15":1,"16":7,"17":1,"18":1,"19":6,"20":1,"21":1,"22":5,"23":2,"24":2,"25":3,"26":3,"27":3,"28":1,"29":1,"30":13},"f":{"0":12,"1":1,"2":3},"b":{"0":[1,11],"1":[12,12,11],"2":[3,8],"3":[1,6],"4":[1,5],"5":[2,3],"6":[2,1]},"_coverageSchema":"1a1c01bbd47fc00a2c39e90264f33305004495a9","hash":"83359c3bfc3eeef3e47c3b02fb4261fb21743d92"}
,"C:\\Users\\Victor\\workspaces\\BaroTrader\\BaroTrader\\src\\services\\services.js": {"path":"C:\\Users\\Victor\\workspaces\\BaroTrader\\BaroTrader\\src\\services\\services.js","statementMap":{"0":{"start":{"line":4,"column":15},"end":{"line":4,"column":23}},"1":{"start":{"line":6,"column":23},"end":{"line":6,"column":39}},"2":{"start":{"line":8,"column":0},"end":{"line":10,"column":3}},"3":{"start":{"line":9,"column":4},"end":{"line":9,"column":30}}},"fnMap":{"0":{"name":"(anonymous_0)","decl":{"start":{"line":8,"column":23},"end":{"line":8,"column":24}},"loc":{"start":{"line":8,"column":42},"end":{"line":10,"column":1}},"line":8}},"branchMap":{},"s":{"0":0,"1":0,"2":0,"3":0},"f":{"0":0},"b":{}}
,"C:\\Users\\Victor\\workspaces\\BaroTrader\\BaroTrader\\src\\services\\register\\passwordService.js": {"path":"C:\\Users\\Victor\\workspaces\\BaroTrader\\BaroTrader\\src\\services\\register\\passwordService.js","statementMap":{"0":{"start":{"line":4,"column":27},"end":{"line":4,"column":29}},"1":{"start":{"line":12,"column":4},"end":{"line":12,"column":53}},"2":{"start":{"line":23,"column":21},"end":{"line":23,"column":48}},"3":{"start":{"line":24,"column":4},"end":{"line":26,"column":5}},"4":{"start":{"line":25,"column":8},"end":{"line":25,"column":60}},"5":{"start":{"line":28,"column":4},"end":{"line":30,"column":5}},"6":{"start":{"line":29,"column":8},"end":{"line":29,"column":65}},"7":{"start":{"line":32,"column":27},"end":{"line":32,"column":42}},"8":{"start":{"line":33,"column":21},"end":{"line":33,"column":47}},"9":{"start":{"line":35,"column":4},"end":{"line":40,"column":7}},"10":{"start":{"line":36,"column":8},"end":{"line":39,"column":11}},"11":{"start":{"line":37,"column":12},"end":{"line":37,"column":40}},"12":{"start":{"line":37,"column":21},"end":{"line":37,"column":40}},"13":{"start":{"line":38,"column":12},"end":{"line":38,"column":48}}},"fnMap":{"0":{"name":"createPasswordSalt","decl":{"start":{"line":6,"column":16},"end":{"line":6,"column":34}},"loc":{"start":{"line":6,"column":63},"end":{"line":13,"column":1}},"line":6},"1":{"name":"hashPassword","decl":{"start":{"line":15,"column":22},"end":{"line":15,"column":34}},"loc":{"start":{"line":15,"column":59},"end":{"line":41,"column":1}},"line":15},"2":{"name":"(anonymous_2)","decl":{"start":{"line":35,"column":23},"end":{"line":35,"column":24}},"loc":{"start":{"line":35,"column":44},"end":{"line":40,"column":5}},"line":35},"3":{"name":"(anonymous_3)","decl":{"start":{"line":36,"column":42},"end":{"line":36,"column":43}},"loc":{"start":{"line":36,"column":63},"end":{"line":39,"column":9}},"line":36}},"branchMap":{"0":{"loc":{"start":{"line":6,"column":35},"end":{"line":6,"column":61}},"type":"default-arg","locations":[{"start":{"line":6,"column":43},"end":{"line":6,"column":61}}],"line":6},"1":{"loc":{"start":{"line":15,"column":35},"end":{"line":15,"column":51}},"type":"default-arg","locations":[{"start":{"line":15,"column":49},"end":{"line":15,"column":51}}],"line":15},"2":{"loc":{"start":{"line":23,"column":21},"end":{"line":23,"column":48}},"type":"binary-expr","locations":[{"start":{"line":23,"column":21},"end":{"line":23,"column":42}},{"start":{"line":23,"column":46},"end":{"line":23,"column":48}}],"line":23},"3":{"loc":{"start":{"line":24,"column":4},"end":{"line":26,"column":5}},"type":"if","locations":[{"start":{"line":24,"column":4},"end":{"line":26,"column":5}},{"start":{},"end":{}}],"line":24},"4":{"loc":{"start":{"line":28,"column":4},"end":{"line":30,"column":5}},"type":"if","locations":[{"start":{"line":28,"column":4},"end":{"line":30,"column":5}},{"start":{},"end":{}}],"line":28},"5":{"loc":{"start":{"line":28,"column":8},"end":{"line":28,"column":41}},"type":"binary-expr","locations":[{"start":{"line":28,"column":8},"end":{"line":28,"column":32}},{"start":{"line":28,"column":36},"end":{"line":28,"column":41}}],"line":28},"6":{"loc":{"start":{"line":37,"column":12},"end":{"line":37,"column":40}},"type":"if","locations":[{"start":{"line":37,"column":12},"end":{"line":37,"column":40}},{"start":{},"end":{}}],"line":37}},"s":{"0":1,"1":6,"2":9,"3":9,"4":2,"5":7,"6":2,"7":5,"8":4,"9":4,"10":4,"11":4,"12":1,"13":3},"f":{"0":6,"1":9,"2":4,"3":4},"b":{"0":[3],"1":[0],"2":[9,0],"3":[2,7],"4":[2,5],"5":[7,6],"6":[1,3]},"_coverageSchema":"1a1c01bbd47fc00a2c39e90264f33305004495a9","hash":"6b9f85bedd5966257b7bdd7607beb02128b06899"}
,"C:\\Users\\Victor\\workspaces\\BaroTrader\\BaroTrader\\src\\services\\register\\register.js": {"path":"C:\\Users\\Victor\\workspaces\\BaroTrader\\BaroTrader\\src\\services\\register\\register.js","statementMap":{"0":{"start":{"line":4,"column":15},"end":{"line":4,"column":23}},"1":{"start":{"line":6,"column":0},"end":{"line":25,"column":3}},"2":{"start":{"line":7,"column":4},"end":{"line":24,"column":5}},"3":{"start":{"line":8,"column":39},"end":{"line":8,"column":53}},"4":{"start":{"line":9,"column":21},"end":{"line":9,"column":63}},"5":{"start":{"line":11,"column":8},"end":{"line":15,"column":11}},"6":{"start":{"line":18,"column":8},"end":{"line":20,"column":9}},"7":{"start":{"line":19,"column":12},"end":{"line":19,"column":82}},"8":{"start":{"line":22,"column":8},"end":{"line":22,"column":54}},"9":{"start":{"line":23,"column":8},"end":{"line":23,"column":75}}},"fnMap":{"0":{"name":"(anonymous_0)","decl":{"start":{"line":6,"column":25},"end":{"line":6,"column":26}},"loc":{"start":{"line":6,"column":45},"end":{"line":25,"column":1}},"line":6}},"branchMap":{"0":{"loc":{"start":{"line":8,"column":39},"end":{"line":8,"column":53}},"type":"binary-expr","locations":[{"start":{"line":8,"column":39},"end":{"line":8,"column":47}},{"start":{"line":8,"column":51},"end":{"line":8,"column":53}}],"line":8},"1":{"loc":{"start":{"line":18,"column":8},"end":{"line":20,"column":9}},"type":"if","locations":[{"start":{"line":18,"column":8},"end":{"line":20,"column":9}},{"start":{},"end":{}}],"line":18},"2":{"loc":{"start":{"line":19,"column":30},"end":{"line":19,"column":51}},"type":"binary-expr","locations":[{"start":{"line":19,"column":30},"end":{"line":19,"column":44}},{"start":{"line":19,"column":48},"end":{"line":19,"column":51}}],"line":19}},"s":{"0":1,"1":1,"2":10,"3":10,"4":10,"5":4,"6":6,"7":5,"8":1,"9":1},"f":{"0":10},"b":{"0":[10,0],"1":[5,1],"2":[5,1]},"_coverageSchema":"1a1c01bbd47fc00a2c39e90264f33305004495a9","hash":"c70cda1c3f49ae706141c41a2ebe22a159b49da1"}
,"C:\\Users\\Victor\\workspaces\\BaroTrader\\BaroTrader\\src\\services\\register\\registerService.js": {"path":"C:\\Users\\Victor\\workspaces\\BaroTrader\\BaroTrader\\src\\services\\register\\registerService.js","statementMap":{"0":{"start":{"line":8,"column":8},"end":{"line":8,"column":23}},"1":{"start":{"line":9,"column":8},"end":{"line":9,"column":40}},"2":{"start":{"line":10,"column":8},"end":{"line":10,"column":37}},"3":{"start":{"line":15,"column":4},"end":{"line":15,"column":29}},"4":{"start":{"line":15,"column":16},"end":{"line":15,"column":29}},"5":{"start":{"line":16,"column":17},"end":{"line":16,"column":49}},"6":{"start":{"line":17,"column":4},"end":{"line":17,"column":28}},"7":{"start":{"line":21,"column":4},"end":{"line":21,"column":63}},"8":{"start":{"line":25,"column":4},"end":{"line":25,"column":32}},"9":{"start":{"line":25,"column":19},"end":{"line":25,"column":32}},"10":{"start":{"line":26,"column":4},"end":{"line":26,"column":65}},"11":{"start":{"line":26,"column":52},"end":{"line":26,"column":65}},"12":{"start":{"line":27,"column":4},"end":{"line":27,"column":65}},"13":{"start":{"line":27,"column":52},"end":{"line":27,"column":65}},"14":{"start":{"line":28,"column":4},"end":{"line":28,"column":47}},"15":{"start":{"line":32,"column":4},"end":{"line":32,"column":32}},"16":{"start":{"line":32,"column":19},"end":{"line":32,"column":32}},"17":{"start":{"line":33,"column":4},"end":{"line":33,"column":65}},"18":{"start":{"line":33,"column":52},"end":{"line":33,"column":65}},"19":{"start":{"line":34,"column":4},"end":{"line":34,"column":65}},"20":{"start":{"line":34,"column":52},"end":{"line":34,"column":65}},"21":{"start":{"line":35,"column":4},"end":{"line":35,"column":47}},"22":{"start":{"line":39,"column":22},"end":{"line":39,"column":44}},"23":{"start":{"line":40,"column":24},"end":{"line":40,"column":46}},"24":{"start":{"line":41,"column":4},"end":{"line":43,"column":5}},"25":{"start":{"line":42,"column":8},"end":{"line":42,"column":33}},"26":{"start":{"line":54,"column":22},"end":{"line":54,"column":32}},"27":{"start":{"line":55,"column":19},"end":{"line":55,"column":38}},"28":{"start":{"line":56,"column":22},"end":{"line":56,"column":36}},"29":{"start":{"line":57,"column":31},"end":{"line":57,"column":57}},"30":{"start":{"line":58,"column":31},"end":{"line":58,"column":82}},"31":{"start":{"line":60,"column":4},"end":{"line":89,"column":5}},"32":{"start":{"line":61,"column":8},"end":{"line":66,"column":9}},"33":{"start":{"line":65,"column":12},"end":{"line":65,"column":81}},"34":{"start":{"line":68,"column":30},"end":{"line":68,"column":80}},"35":{"start":{"line":69,"column":8},"end":{"line":71,"column":9}},"36":{"start":{"line":70,"column":12},"end":{"line":70,"column":69}},"37":{"start":{"line":73,"column":29},"end":{"line":73,"column":49}},"38":{"start":{"line":74,"column":29},"end":{"line":74,"column":81}},"39":{"start":{"line":75,"column":8},"end":{"line":86,"column":9}},"40":{"start":{"line":76,"column":12},"end":{"line":80,"column":15}},"41":{"start":{"line":82,"column":12},"end":{"line":84,"column":13}},"42":{"start":{"line":83,"column":16},"end":{"line":83,"column":73}},"43":{"start":{"line":85,"column":12},"end":{"line":85,"column":24}},"44":{"start":{"line":88,"column":8},"end":{"line":88,"column":67}}},"fnMap":{"0":{"name":"(anonymous_0)","decl":{"start":{"line":7,"column":4},"end":{"line":7,"column":5}},"loc":{"start":{"line":7,"column":43},"end":{"line":11,"column":5}},"line":7},"1":{"name":"isUniqueViolation","decl":{"start":{"line":14,"column":9},"end":{"line":14,"column":26}},"loc":{"start":{"line":14,"column":34},"end":{"line":18,"column":1}},"line":14},"2":{"name":"sanitizeUsername","decl":{"start":{"line":20,"column":9},"end":{"line":20,"column":25}},"loc":{"start":{"line":20,"column":36},"end":{"line":22,"column":1}},"line":20},"3":{"name":"isValidUsername","decl":{"start":{"line":24,"column":9},"end":{"line":24,"column":24}},"loc":{"start":{"line":24,"column":43},"end":{"line":29,"column":1}},"line":24},"4":{"name":"isValidPassword","decl":{"start":{"line":31,"column":9},"end":{"line":31,"column":24}},"loc":{"start":{"line":31,"column":43},"end":{"line":36,"column":1}},"line":31},"5":{"name":"ensureMinDelay","decl":{"start":{"line":38,"column":15},"end":{"line":38,"column":29}},"loc":{"start":{"line":38,"column":53},"end":{"line":44,"column":1}},"line":38},"6":{"name":"registerUser","decl":{"start":{"line":46,"column":22},"end":{"line":46,"column":34}},"loc":{"start":{"line":46,"column":59},"end":{"line":90,"column":1}},"line":46}},"branchMap":{"0":{"loc":{"start":{"line":7,"column":25},"end":{"line":7,"column":41}},"type":"default-arg","locations":[{"start":{"line":7,"column":38},"end":{"line":7,"column":41}}],"line":7},"1":{"loc":{"start":{"line":15,"column":4},"end":{"line":15,"column":29}},"type":"if","locations":[{"start":{"line":15,"column":4},"end":{"line":15,"column":29}},{"start":{},"end":{}}],"line":15},"2":{"loc":{"start":{"line":16,"column":17},"end":{"line":16,"column":49}},"type":"binary-expr","locations":[{"start":{"line":16,"column":17},"end":{"line":16,"column":27}},{"start":{"line":16,"column":31},"end":{"line":16,"column":49}}],"line":16},"3":{"loc":{"start":{"line":21,"column":11},"end":{"line":21,"column":62}},"type":"cond-expr","locations":[{"start":{"line":21,"column":42},"end":{"line":21,"column":57}},{"start":{"line":21,"column":60},"end":{"line":21,"column":62}}],"line":21},"4":{"loc":{"start":{"line":25,"column":4},"end":{"line":25,"column":32}},"type":"if","locations":[{"start":{"line":25,"column":4},"end":{"line":25,"column":32}},{"start":{},"end":{}}],"line":25},"5":{"loc":{"start":{"line":26,"column":4},"end":{"line":26,"column":65}},"type":"if","locations":[{"start":{"line":26,"column":4},"end":{"line":26,"column":65}},{"start":{},"end":{}}],"line":26},"6":{"loc":{"start":{"line":27,"column":4},"end":{"line":27,"column":65}},"type":"if","locations":[{"start":{"line":27,"column":4},"end":{"line":27,"column":65}},{"start":{},"end":{}}],"line":27},"7":{"loc":{"start":{"line":32,"column":4},"end":{"line":32,"column":32}},"type":"if","locations":[{"start":{"line":32,"column":4},"end":{"line":32,"column":32}},{"start":{},"end":{}}],"line":32},"8":{"loc":{"start":{"line":33,"column":4},"end":{"line":33,"column":65}},"type":"if","locations":[{"start":{"line":33,"column":4},"end":{"line":33,"column":65}},{"start":{},"end":{}}],"line":33},"9":{"loc":{"start":{"line":34,"column":4},"end":{"line":34,"column":65}},"type":"if","locations":[{"start":{"line":34,"column":4},"end":{"line":34,"column":65}},{"start":{},"end":{}}],"line":34},"10":{"loc":{"start":{"line":41,"column":4},"end":{"line":43,"column":5}},"type":"if","locations":[{"start":{"line":41,"column":4},"end":{"line":43,"column":5}},{"start":{},"end":{}}],"line":41},"11":{"loc":{"start":{"line":58,"column":31},"end":{"line":58,"column":82}},"type":"cond-expr","locations":[{"start":{"line":58,"column":62},"end":{"line":58,"column":77}},{"start":{"line":58,"column":80},"end":{"line":58,"column":82}}],"line":58},"12":{"loc":{"start":{"line":61,"column":8},"end":{"line":66,"column":9}},"type":"if","locations":[{"start":{"line":61,"column":8},"end":{"line":66,"column":9}},{"start":{},"end":{}}],"line":61},"13":{"loc":{"start":{"line":62,"column":12},"end":{"line":63,"column":56}},"type":"binary-expr","locations":[{"start":{"line":62,"column":12},"end":{"line":62,"column":56}},{"start":{"line":63,"column":12},"end":{"line":63,"column":56}}],"line":62},"14":{"loc":{"start":{"line":69,"column":8},"end":{"line":71,"column":9}},"type":"if","locations":[{"start":{"line":69,"column":8},"end":{"line":71,"column":9}},{"start":{},"end":{}}],"line":69},"15":{"loc":{"start":{"line":82,"column":12},"end":{"line":84,"column":13}},"type":"if","locations":[{"start":{"line":82,"column":12},"end":{"line":84,"column":13}},{"start":{},"end":{}}],"line":82}},"s":{"0":9,"1":9,"2":9,"3":2,"4":0,"5":2,"6":2,"7":16,"8":16,"9":1,"10":15,"11":2,"12":13,"13":1,"14":12,"15":12,"16":0,"17":12,"18":0,"19":12,"20":1,"21":11,"22":16,"23":16,"24":16,"25":2,"26":16,"27":16,"28":16,"29":16,"30":16,"31":16,"32":16,"33":6,"34":10,"35":9,"36":1,"37":8,"38":8,"39":7,"40":7,"41":2,"42":1,"43":1,"44":16},"f":{"0":9,"1":2,"2":16,"3":16,"4":12,"5":16,"6":16},"b":{"0":[1],"1":[0,2],"2":[2,1],"3":[15,1],"4":[1,15],"5":[2,13],"6":[1,12],"7":[0,12],"8":[0,12],"9":[1,11],"10":[2,14],"11":[15,1],"12":[6,10],"13":[16,12],"14":[1,8],"15":[1,1]},"_coverageSchema":"1a1c01bbd47fc00a2c39e90264f33305004495a9","hash":"9a91a69a0f623ef2f2b8ae190da20bac93d1248b"}
,"C:\\Users\\Victor\\workspaces\\BaroTrader\\BaroTrader\\src\\shared\\js\\utils.js": {"path":"C:\\Users\\Victor\\workspaces\\BaroTrader\\BaroTrader\\src\\shared\\js\\utils.js","statementMap":{"0":{"start":{"line":2,"column":2},"end":{"line":2,"column":22}},"1":{"start":{"line":2,"column":15},"end":{"line":2,"column":22}},"2":{"start":{"line":3,"column":2},"end":{"line":3,"column":31}},"3":{"start":{"line":4,"column":2},"end":{"line":4,"column":55}},"4":{"start":{"line":8,"column":2},"end":{"line":11,"column":4}}},"fnMap":{"0":{"name":"showMessage","decl":{"start":{"line":1,"column":16},"end":{"line":1,"column":27}},"loc":{"start":{"line":1,"column":62},"end":{"line":5,"column":1}},"line":1},"1":{"name":"getCredentialsFromInputs","decl":{"start":{"line":7,"column":16},"end":{"line":7,"column":40}},"loc":{"start":{"line":7,"column":71},"end":{"line":12,"column":1}},"line":7}},"branchMap":{"0":{"loc":{"start":{"line":1,"column":45},"end":{"line":1,"column":60}},"type":"default-arg","locations":[{"start":{"line":1,"column":55},"end":{"line":1,"column":60}}],"line":1},"1":{"loc":{"start":{"line":2,"column":2},"end":{"line":2,"column":22}},"type":"if","locations":[{"start":{"line":2,"column":2},"end":{"line":2,"column":22}},{"start":{},"end":{}}],"line":2},"2":{"loc":{"start":{"line":4,"column":23},"end":{"line":4,"column":54}},"type":"cond-expr","locations":[{"start":{"line":4,"column":33},"end":{"line":4,"column":42}},{"start":{"line":4,"column":45},"end":{"line":4,"column":54}}],"line":4},"3":{"loc":{"start":{"line":9,"column":14},"end":{"line":9,"column":50}},"type":"binary-expr","locations":[{"start":{"line":9,"column":14},"end":{"line":9,"column":44}},{"start":{"line":9,"column":48},"end":{"line":9,"column":50}}],"line":9},"4":{"loc":{"start":{"line":10,"column":14},"end":{"line":10,"column":40}},"type":"binary-expr","locations":[{"start":{"line":10,"column":14},"end":{"line":10,"column":34}},{"start":{"line":10,"column":38},"end":{"line":10,"column":40}}],"line":10}},"s":{"0":15,"1":3,"2":12,"3":12,"4":12},"f":{"0":15,"1":12},"b":{"0":[8],"1":[3,12],"2":[7,5],"3":[12,3],"4":[12,1]},"_coverageSchema":"1a1c01bbd47fc00a2c39e90264f33305004495a9","hash":"d8fd8918a243cdf436f0b9226b8838b334181df9"}
,"C:\\Users\\Victor\\workspaces\\BaroTrader\\BaroTrader\\src\\utils\\database_sqlite.js": {"path":"C:\\Users\\Victor\\workspaces\\BaroTrader\\BaroTrader\\src\\utils\\database_sqlite.js","statementMap":{"0":{"start":{"line":9,"column":11},"end":{"line":9,"column":43}},"1":{"start":{"line":12,"column":19},"end":{"line":17,"column":2}},"2":{"start":{"line":18,"column":0},"end":{"line":18,"column":24}},"3":{"start":{"line":21,"column":22},"end":{"line":24,"column":1}},"4":{"start":{"line":25,"column":0},"end":{"line":25,"column":27}},"5":{"start":{"line":28,"column":21},"end":{"line":28,"column":29}},"6":{"start":{"line":29,"column":13},"end":{"line":35,"column":1}},"7":{"start":{"line":36,"column":0},"end":{"line":36,"column":18}},"8":{"start":{"line":39,"column":0},"end":{"line":39,"column":17}}},"fnMap":{},"branchMap":{},"s":{"0":0,"1":0,"2":0,"3":0,"4":0,"5":0,"6":0,"7":0,"8":0},"f":{},"b":{}}
,"C:\\Users\\Victor\\workspaces\\BaroTrader\\BaroTrader\\src\\utils\\database_utils.js": {"path":"C:\\Users\\Victor\\workspaces\\BaroTrader\\BaroTrader\\src\\utils\\database_utils.js","statementMap":{"0":{"start":{"line":11,"column":14},"end":{"line":11,"column":23}},"1":{"start":{"line":24,"column":4},"end":{"line":24,"column":48}},"2":{"start":{"line":24,"column":25},"end":{"line":24,"column":48}},"3":{"start":{"line":25,"column":20},"end":{"line":25,"column":64}},"4":{"start":{"line":26,"column":14},"end":{"line":26,"column":63}},"5":{"start":{"line":28,"column":16},"end":{"line":28,"column":44}},"6":{"start":{"line":29,"column":4},"end":{"line":29,"column":25}},"7":{"start":{"line":30,"column":4},"end":{"line":30,"column":15}},"8":{"start":{"line":38,"column":28},"end":{"line":38,"column":71}},"9":{"start":{"line":38,"column":52},"end":{"line":38,"column":69}},"10":{"start":{"line":60,"column":4},"end":{"line":75,"column":5}},"11":{"start":{"line":60,"column":17},"end":{"line":60,"column":18}},"12":{"start":{"line":61,"column":8},"end":{"line":74,"column":9}},"13":{"start":{"line":62,"column":20},"end":{"line":62,"column":42}},"14":{"start":{"line":63,"column":12},"end":{"line":63,"column":61}},"15":{"start":{"line":64,"column":12},"end":{"line":64,"column":21}},"16":{"start":{"line":67,"column":12},"end":{"line":67,"column":45}},"17":{"start":{"line":67,"column":35},"end":{"line":67,"column":45}},"18":{"start":{"line":68,"column":12},"end":{"line":71,"column":14}},"19":{"start":{"line":72,"column":12},"end":{"line":72,"column":46}}},"fnMap":{"0":{"name":"loadSql","decl":{"start":{"line":13,"column":22},"end":{"line":13,"column":29}},"loc":{"start":{"line":13,"column":36},"end":{"line":31,"column":1}},"line":13},"1":{"name":"sleep","decl":{"start":{"line":38,"column":16},"end":{"line":38,"column":21}},"loc":{"start":{"line":38,"column":26},"end":{"line":38,"column":73}},"line":38},"2":{"name":"(anonymous_2)","decl":{"start":{"line":38,"column":47},"end":{"line":38,"column":48}},"loc":{"start":{"line":38,"column":52},"end":{"line":38,"column":69}},"line":38},"3":{"name":"connectWithRetries","decl":{"start":{"line":40,"column":22},"end":{"line":40,"column":40}},"loc":{"start":{"line":42,"column":2},"end":{"line":76,"column":1}},"line":42}},"branchMap":{"0":{"loc":{"start":{"line":24,"column":4},"end":{"line":24,"column":48}},"type":"if","locations":[{"start":{"line":24,"column":4},"end":{"line":24,"column":48}},{"start":{},"end":{}}],"line":24},"1":{"loc":{"start":{"line":41,"column":22},"end":{"line":41,"column":33}},"type":"default-arg","locations":[{"start":{"line":41,"column":32},"end":{"line":41,"column":33}}],"line":41},"2":{"loc":{"start":{"line":41,"column":35},"end":{"line":41,"column":50}},"type":"default-arg","locations":[{"start":{"line":41,"column":47},"end":{"line":41,"column":50}}],"line":41},"3":{"loc":{"start":{"line":67,"column":12},"end":{"line":67,"column":45}},"type":"if","locations":[{"start":{"line":67,"column":12},"end":{"line":67,"column":45}},{"start":{},"end":{}}],"line":67}},"s":{"0":0,"1":0,"2":0,"3":0,"4":0,"5":0,"6":0,"7":0,"8":0,"9":0,"10":0,"11":0,"12":0,"13":0,"14":0,"15":0,"16":0,"17":0,"18":0,"19":0},"f":{"0":0,"1":0,"2":0,"3":0},"b":{"0":[0,0],"1":[0],"2":[0],"3":[0,0]}}
,"C:\\Users\\Victor\\workspaces\\BaroTrader\\BaroTrader\\src\\utils\\mime.js": {"path":"C:\\Users\\Victor\\workspaces\\BaroTrader\\BaroTrader\\src\\utils\\mime.js","statementMap":{"0":{"start":{"line":1,"column":12},"end":{"line":11,"column":1}},"1":{"start":{"line":14,"column":2},"end":{"line":14,"column":62}}},"fnMap":{"0":{"name":"contentTypeFor","decl":{"start":{"line":13,"column":9},"end":{"line":13,"column":23}},"loc":{"start":{"line":13,"column":29},"end":{"line":15,"column":1}},"line":13}},"branchMap":{"0":{"loc":{"start":{"line":14,"column":9},"end":{"line":14,"column":61}},"type":"binary-expr","locations":[{"start":{"line":14,"column":9},"end":{"line":14,"column":31}},{"start":{"line":14,"column":35},"end":{"line":14,"column":61}}],"line":14}},"s":{"0":0,"1":0},"f":{"0":0},"b":{"0":[0,0]}}
,"C:\\Users\\Victor\\workspaces\\BaroTrader\\BaroTrader\\src\\utils\\databaseWrappers\\postgresql_wrapper.js": {"path":"C:\\Users\\Victor\\workspaces\\BaroTrader\\BaroTrader\\src\\utils\\databaseWrappers\\postgresql_wrapper.js","statementMap":{"0":{"start":{"line":5,"column":2},"end":{"line":7,"column":3}},"1":{"start":{"line":6,"column":4},"end":{"line":6,"column":58}},"2":{"start":{"line":10,"column":19},"end":{"line":10,"column":67}},"3":{"start":{"line":11,"column":2},"end":{"line":15,"column":3}},"4":{"start":{"line":12,"column":4},"end":{"line":14,"column":5}},"5":{"start":{"line":13,"column":6},"end":{"line":13,"column":63}},"6":{"start":{"line":17,"column":14},"end":{"line":17,"column":25}},"7":{"start":{"line":18,"column":13},"end":{"line":18,"column":26}},"8":{"start":{"line":22,"column":4},"end":{"line":28,"column":5}},"9":{"start":{"line":23,"column":21},"end":{"line":23,"column":49}},"10":{"start":{"line":24,"column":6},"end":{"line":24,"column":20}},"11":{"start":{"line":27,"column":6},"end":{"line":27,"column":106}},"12":{"start":{"line":33,"column":4},"end":{"line":38,"column":5}},"13":{"start":{"line":34,"column":19},"end":{"line":34,"column":44}},"14":{"start":{"line":35,"column":6},"end":{"line":35,"column":18}},"15":{"start":{"line":37,"column":6},"end":{"line":37,"column":105}},"16":{"start":{"line":43,"column":4},"end":{"line":53,"column":5}},"17":{"start":{"line":45,"column":6},"end":{"line":47,"column":7}},"18":{"start":{"line":46,"column":8},"end":{"line":46,"column":23}},"19":{"start":{"line":56,"column":2},"end":{"line":60,"column":4}}},"fnMap":{"0":{"name":"PostgreSQL","decl":{"start":{"line":3,"column":22},"end":{"line":3,"column":32}},"loc":{"start":{"line":3,"column":43},"end":{"line":61,"column":1}},"line":3},"1":{"name":"execute","decl":{"start":{"line":21,"column":17},"end":{"line":21,"column":24}},"loc":{"start":{"line":21,"column":43},"end":{"line":29,"column":3}},"line":21},"2":{"name":"query","decl":{"start":{"line":32,"column":17},"end":{"line":32,"column":22}},"loc":{"start":{"line":32,"column":41},"end":{"line":39,"column":3}},"line":32},"3":{"name":"close","decl":{"start":{"line":42,"column":17},"end":{"line":42,"column":22}},"loc":{"start":{"line":42,"column":25},"end":{"line":54,"column":3}},"line":42}},"branchMap":{"0":{"loc":{"start":{"line":5,"column":2},"end":{"line":7,"column":3}},"type":"if","locations":[{"start":{"line":5,"column":2},"end":{"line":7,"column":3}},{"start":{},"end":{}}],"line":5},"1":{"loc":{"start":{"line":12,"column":4},"end":{"line":14,"column":5}},"type":"if","locations":[{"start":{"line":12,"column":4},"end":{"line":14,"column":5}},{"start":{},"end":{}}],"line":12},"2":{"loc":{"start":{"line":12,"column":8},"end":{"line":12,"column":111}},"type":"binary-expr","locations":[{"start":{"line":12,"column":8},"end":{"line":12,"column":58}},{"start":{"line":12,"column":62},"end":{"line":12,"column":87}},{"start":{"line":12,"column":91},"end":{"line":12,"column":111}}],"line":12},"3":{"loc":{"start":{"line":21,"column":30},"end":{"line":21,"column":41}},"type":"default-arg","locations":[{"start":{"line":21,"column":39},"end":{"line":21,"column":41}}],"line":21},"4":{"loc":{"start":{"line":27,"column":49},"end":{"line":27,"column":103}},"type":"cond-expr","locations":[{"start":{"line":27,"column":74},"end":{"line":27,"column":87}},{"start":{"line":27,"column":90},"end":{"line":27,"column":103}}],"line":27},"5":{"loc":{"start":{"line":27,"column":49},"end":{"line":27,"column":71}},"type":"binary-expr","locations":[{"start":{"line":27,"column":49},"end":{"line":27,"column":54}},{"start":{"line":27,"column":58},"end":{"line":27,"column":71}}],"line":27},"6":{"loc":{"start":{"line":32,"column":28},"end":{"line":32,"column":39}},"type":"default-arg","locations":[{"start":{"line":32,"column":37},"end":{"line":32,"column":39}}],"line":32},"7":{"loc":{"start":{"line":37,"column":48},"end":{"line":37,"column":102}},"type":"cond-expr","locations":[{"start":{"line":37,"column":73},"end":{"line":37,"column":86}},{"start":{"line":37,"column":89},"end":{"line":37,"column":102}}],"line":37},"8":{"loc":{"start":{"line":37,"column":48},"end":{"line":37,"column":70}},"type":"binary-expr","locations":[{"start":{"line":37,"column":48},"end":{"line":37,"column":53}},{"start":{"line":37,"column":57},"end":{"line":37,"column":70}}],"line":37},"9":{"loc":{"start":{"line":45,"column":6},"end":{"line":47,"column":7}},"type":"if","locations":[{"start":{"line":45,"column":6},"end":{"line":47,"column":7}},{"start":{},"end":{}}],"line":45},"10":{"loc":{"start":{"line":45,"column":10},"end":{"line":45,"column":24}},"type":"binary-expr","locations":[{"start":{"line":45,"column":10},"end":{"line":45,"column":12}},{"start":{"line":45,"column":16},"end":{"line":45,"column":24}}],"line":45}},"s":{"0":0,"1":0,"2":0,"3":0,"4":0,"5":0,"6":0,"7":0,"8":0,"9":0,"10":0,"11":0,"12":0,"13":0,"14":0,"15":0,"16":0,"17":0,"18":0,"19":0},"f":{"0":0,"1":0,"2":0,"3":0},"b":{"0":[0,0],"1":[0,0],"2":[0,0,0],"3":[0],"4":[0,0],"5":[0,0],"6":[0],"7":[0,0],"8":[0,0],"9":[0,0],"10":[0,0]}}
,"C:\\Users\\Victor\\workspaces\\BaroTrader\\BaroTrader\\src\\utils\\databaseWrappers\\sqlite_wrapper.js": {"path":"C:\\Users\\Victor\\workspaces\\BaroTrader\\BaroTrader\\src\\utils\\databaseWrappers\\sqlite_wrapper.js","statementMap":{"0":{"start":{"line":7,"column":19},"end":{"line":7,"column":39}},"1":{"start":{"line":8,"column":14},"end":{"line":8,"column":36}},"2":{"start":{"line":10,"column":2},"end":{"line":10,"column":43}},"3":{"start":{"line":12,"column":13},"end":{"line":12,"column":41}},"4":{"start":{"line":13,"column":2},"end":{"line":13,"column":19}},"5":{"start":{"line":15,"column":2},"end":{"line":15,"column":18}},"6":{"start":{"line":20,"column":19},"end":{"line":20,"column":43}},"7":{"start":{"line":22,"column":13},"end":{"line":25,"column":4}},"8":{"start":{"line":27,"column":2},"end":{"line":27,"column":45}},"9":{"start":{"line":30,"column":4},"end":{"line":41,"column":5}},"10":{"start":{"line":31,"column":19},"end":{"line":31,"column":40}},"11":{"start":{"line":32,"column":6},"end":{"line":32,"column":30}},"12":{"start":{"line":34,"column":6},"end":{"line":34,"column":23}},"13":{"start":{"line":35,"column":6},"end":{"line":35,"column":28}},"14":{"start":{"line":36,"column":6},"end":{"line":36,"column":17}},"15":{"start":{"line":39,"column":6},"end":{"line":39,"column":51}},"16":{"start":{"line":40,"column":6},"end":{"line":40,"column":18}},"17":{"start":{"line":45,"column":4},"end":{"line":56,"column":5}},"18":{"start":{"line":46,"column":19},"end":{"line":46,"column":40}},"19":{"start":{"line":47,"column":6},"end":{"line":47,"column":30}},"20":{"start":{"line":49,"column":19},"end":{"line":49,"column":35}},"21":{"start":{"line":50,"column":6},"end":{"line":50,"column":28}},"22":{"start":{"line":51,"column":6},"end":{"line":51,"column":18}},"23":{"start":{"line":54,"column":6},"end":{"line":54,"column":50}},"24":{"start":{"line":55,"column":6},"end":{"line":55,"column":18}},"25":{"start":{"line":60,"column":4},"end":{"line":60,"column":21}},"26":{"start":{"line":63,"column":2},"end":{"line":67,"column":4}}},"fnMap":{"0":{"name":"makePathDB","decl":{"start":{"line":6,"column":15},"end":{"line":6,"column":25}},"loc":{"start":{"line":6,"column":34},"end":{"line":16,"column":1}},"line":6},"1":{"name":"SQLite","decl":{"start":{"line":18,"column":22},"end":{"line":18,"column":28}},"loc":{"start":{"line":18,"column":37},"end":{"line":68,"column":1}},"line":18},"2":{"name":"execute","decl":{"start":{"line":29,"column":17},"end":{"line":29,"column":24}},"loc":{"start":{"line":29,"column":43},"end":{"line":42,"column":3}},"line":29},"3":{"name":"query","decl":{"start":{"line":44,"column":17},"end":{"line":44,"column":22}},"loc":{"start":{"line":44,"column":41},"end":{"line":57,"column":3}},"line":44},"4":{"name":"close","decl":{"start":{"line":59,"column":17},"end":{"line":59,"column":22}},"loc":{"start":{"line":59,"column":25},"end":{"line":61,"column":3}},"line":59}},"branchMap":{"0":{"loc":{"start":{"line":29,"column":30},"end":{"line":29,"column":41}},"type":"default-arg","locations":[{"start":{"line":29,"column":39},"end":{"line":29,"column":41}}],"line":29},"1":{"loc":{"start":{"line":44,"column":28},"end":{"line":44,"column":39}},"type":"default-arg","locations":[{"start":{"line":44,"column":37},"end":{"line":44,"column":39}}],"line":44}},"s":{"0":0,"1":0,"2":0,"3":0,"4":0,"5":0,"6":0,"7":0,"8":0,"9":0,"10":0,"11":0,"12":0,"13":0,"14":0,"15":0,"16":0,"17":0,"18":0,"19":0,"20":0,"21":0,"22":0,"23":0,"24":0,"25":0,"26":0},"f":{"0":0,"1":0,"2":0,"3":0,"4":0},"b":{"0":[0],"1":[0]}}
}
