TN:
SF:src\index.js
FN:11,(anonymous_0)
FNF:1
FNH:0
FNDA:0,(anonymous_0)
DA:4,0
DA:5,0
DA:7,0
DA:8,0
DA:9,0
DA:11,0
DA:12,0
LF:7
LH:0
BRF:0
BRH:0
end_of_record
TN:
SF:src\routes.js
FN:33,(anonymous_0)
FN:38,(anonymous_1)
FN:43,(anonymous_2)
FNF:3
FNH:0
FNDA:0,(anonymous_0)
FNDA:0,(anonymous_1)
FNDA:0,(anonymous_2)
DA:6,0
DA:8,0
DA:9,0
DA:11,0
DA:12,0
DA:13,0
DA:14,0
DA:15,0
DA:16,0
DA:19,0
DA:22,0
DA:23,0
DA:26,0
DA:27,0
DA:30,0
DA:33,0
DA:34,0
DA:38,0
DA:39,0
DA:43,0
DA:44,0
DA:45,0
DA:46,0
DA:48,0
LF:24
LH:0
BRDA:45,0,0,0
BRDA:45,0,1,0
BRF:2
BRH:0
end_of_record
TN:
SF:src\db\pool.js
FN:10,wrapConnection
FN:12,(anonymous_1)
FN:13,(anonymous_2)
FN:14,(anonymous_3)
FNF:4
FNH:0
FNDA:0,wrapConnection
FNDA:0,(anonymous_1)
FNDA:0,(anonymous_2)
FNDA:0,(anonymous_3)
DA:8,0
DA:11,0
DA:12,0
DA:13,0
DA:14,0
DA:19,0
LF:6
LH:0
BRDA:12,0,0,0
BRDA:13,1,0,0
BRDA:14,2,0,0
BRDA:14,2,1,0
BRF:4
BRH:0
end_of_record
TN:
SF:src\models\user\index.js
FN:18,getUserModel
FN:33,closeUserModel
FNF:2
FNH:0
FNDA:0,getUserModel
FNDA:0,closeUserModel
DA:16,0
DA:27,0
DA:28,0
DA:30,0
DA:40,0
DA:41,0
LF:6
LH:0
BRDA:27,0,0,0
BRDA:27,0,1,0
BRF:2
BRH:0
end_of_record
TN:
SF:src\models\user\userModel.js
FN:11,mapUser
FN:27,createUserModel
FN:38,ensureTable
FN:53,createUser
FN:73,findByUsername
FN:85,findById
FNF:6
FNH:0
FNDA:0,mapUser
FNDA:0,createUserModel
FNDA:0,ensureTable
FNDA:0,createUser
FNDA:0,findByUsername
FNDA:0,findById
DA:17,0
DA:18,0
DA:34,0
DA:35,0
DA:48,0
DA:60,0
DA:61,0
DA:64,0
DA:70,0
DA:80,0
DA:81,0
DA:82,0
DA:92,0
DA:93,0
DA:94,0
DA:97,0
LF:16
LH:0
BRDA:17,0,0,0
BRDA:17,0,1,0
BRDA:34,1,0,0
BRDA:34,1,1,0
BRDA:34,2,0,0
BRDA:34,2,1,0
BRDA:34,2,2,0
BRDA:60,3,0,0
BRDA:60,3,1,0
BRDA:60,4,0,0
BRDA:60,4,1,0
BRDA:60,4,2,0
BRDA:80,5,0,0
BRDA:80,5,1,0
BRDA:92,6,0,0
BRDA:92,6,1,0
BRF:16
BRH:0
end_of_record
TN:
SF:src\private\assets\js\logged.js
FN:4,(anonymous_0)
FNF:1
FNH:0
FNDA:0,(anonymous_0)
DA:1,0
DA:4,0
DA:5,0
DA:6,0
LF:4
LH:0
BRF:0
BRH:0
end_of_record
TN:
SF:src\public\assets\js\home.js
FN:4,(anonymous_0)
FNF:1
FNH:0
FNDA:0,(anonymous_0)
DA:1,0
DA:4,0
DA:5,0
DA:6,0
LF:4
LH:0
BRF:0
BRH:0
end_of_record
TN:
SF:src\public\assets\js\register.js
FN:8,submitRegistration
FN:30,(anonymous_1)
FN:48,(anonymous_2)
FNF:3
FNH:3
FNDA:12,submitRegistration
FNDA:1,(anonymous_1)
FNDA:3,(anonymous_2)
DA:3,13
DA:4,13
DA:5,13
DA:6,13
DA:9,12
DA:11,12
DA:12,1
DA:13,1
DA:16,11
DA:17,3
DA:18,3
DA:21,8
DA:23,8
DA:24,8
DA:30,7
DA:32,7
DA:33,1
DA:34,1
DA:37,6
DA:38,1
DA:39,1
DA:42,5
DA:43,2
DA:44,2
DA:47,3
DA:48,3
DA:49,3
DA:52,1
DA:53,1
DA:57,13
LF:30
LH:30
BRDA:11,0,0,1
BRDA:11,0,1,11
BRDA:11,1,0,12
BRDA:11,1,1,12
BRDA:11,1,2,11
BRDA:16,2,0,3
BRDA:16,2,1,8
BRDA:32,3,0,1
BRDA:32,3,1,6
BRDA:37,4,0,1
BRDA:37,4,1,5
BRDA:42,5,0,2
BRDA:42,5,1,3
BRDA:43,6,0,2
BRDA:43,6,1,1
BRF:15
BRH:15
end_of_record
TN:
SF:src\services\services.js
FN:8,(anonymous_0)
FNF:1
FNH:0
FNDA:0,(anonymous_0)
DA:4,0
DA:6,0
DA:8,0
DA:9,0
LF:4
LH:0
BRF:0
BRH:0
end_of_record
TN:
SF:src\services\register\passwordService.js
FN:6,createPasswordSalt
FN:15,hashPassword
FN:35,(anonymous_2)
FN:36,(anonymous_3)
FNF:4
FNH:4
FNDA:6,createPasswordSalt
FNDA:9,hashPassword
FNDA:4,(anonymous_2)
FNDA:4,(anonymous_3)
DA:4,1
DA:12,6
DA:23,9
DA:24,9
DA:25,2
DA:28,7
DA:29,2
DA:32,5
DA:33,4
DA:35,4
DA:36,4
DA:37,4
DA:38,3
LF:13
LH:13
BRDA:6,0,0,3
BRDA:15,1,0,0
BRDA:23,2,0,9
BRDA:23,2,1,0
BRDA:24,3,0,2
BRDA:24,3,1,7
BRDA:28,4,0,2
BRDA:28,4,1,5
BRDA:28,5,0,7
BRDA:28,5,1,6
BRDA:37,6,0,1
BRDA:37,6,1,3
BRF:12
BRH:10
end_of_record
TN:
SF:src\services\register\register.js
FN:6,(anonymous_0)
FNF:1
FNH:1
FNDA:10,(anonymous_0)
DA:4,1
DA:6,1
DA:7,10
DA:8,10
DA:9,10
DA:11,4
DA:18,6
DA:19,5
DA:22,1
DA:23,1
LF:10
LH:10
BRDA:8,0,0,10
BRDA:8,0,1,0
BRDA:18,1,0,5
BRDA:18,1,1,1
BRDA:19,2,0,5
BRDA:19,2,1,1
BRF:6
BRH:5
end_of_record
TN:
SF:src\services\register\registerService.js
FN:7,(anonymous_0)
FN:14,isUniqueViolation
FN:20,sanitizeUsername
FN:24,isValidUsername
FN:31,isValidPassword
FN:38,ensureMinDelay
FN:46,registerUser
FNF:7
FNH:7
FNDA:9,(anonymous_0)
FNDA:2,isUniqueViolation
FNDA:16,sanitizeUsername
FNDA:16,isValidUsername
FNDA:12,isValidPassword
FNDA:16,ensureMinDelay
FNDA:16,registerUser
DA:8,9
DA:9,9
DA:10,9
DA:15,2
DA:16,2
DA:17,2
DA:21,16
DA:25,16
DA:26,15
DA:27,13
DA:28,12
DA:32,12
DA:33,12
DA:34,12
DA:35,11
DA:39,16
DA:40,16
DA:41,16
DA:42,2
DA:54,16
DA:55,16
DA:56,16
DA:57,16
DA:58,16
DA:60,16
DA:61,16
DA:65,6
DA:68,10
DA:69,9
DA:70,1
DA:73,8
DA:74,8
DA:75,7
DA:76,7
DA:82,2
DA:83,1
DA:85,1
DA:88,16
LF:38
LH:38
BRDA:7,0,0,1
BRDA:15,1,0,0
BRDA:15,1,1,2
BRDA:16,2,0,2
BRDA:16,2,1,1
BRDA:21,3,0,15
BRDA:21,3,1,1
BRDA:25,4,0,1
BRDA:25,4,1,15
BRDA:26,5,0,2
BRDA:26,5,1,13
BRDA:27,6,0,1
BRDA:27,6,1,12
BRDA:32,7,0,0
BRDA:32,7,1,12
BRDA:33,8,0,0
BRDA:33,8,1,12
BRDA:34,9,0,1
BRDA:34,9,1,11
BRDA:41,10,0,2
BRDA:41,10,1,14
BRDA:58,11,0,15
BRDA:58,11,1,1
BRDA:61,12,0,6
BRDA:61,12,1,10
BRDA:62,13,0,16
BRDA:62,13,1,12
BRDA:69,14,0,1
BRDA:69,14,1,8
BRDA:82,15,0,1
BRDA:82,15,1,1
BRF:31
BRH:28
end_of_record
TN:
SF:src\shared\js\utils.js
FN:1,showMessage
FN:7,getCredentialsFromInputs
FNF:2
FNH:2
FNDA:15,showMessage
FNDA:12,getCredentialsFromInputs
DA:2,15
DA:3,12
DA:4,12
DA:8,12
LF:4
LH:4
BRDA:1,0,0,8
BRDA:2,1,0,3
BRDA:2,1,1,12
BRDA:4,2,0,7
BRDA:4,2,1,5
BRDA:9,3,0,12
BRDA:9,3,1,3
BRDA:10,4,0,12
BRDA:10,4,1,1
BRF:9
BRH:9
end_of_record
TN:
SF:src\utils\database_sqlite.js
FNF:0
FNH:0
DA:9,0
DA:12,0
DA:18,0
DA:21,0
DA:25,0
DA:28,0
DA:29,0
DA:36,0
DA:39,0
LF:9
LH:0
BRF:0
BRH:0
end_of_record
TN:
SF:src\utils\database_utils.js
FN:13,loadSql
FN:38,sleep
FN:38,(anonymous_2)
FN:40,connectWithRetries
FNF:4
FNH:0
FNDA:0,loadSql
FNDA:0,sleep
FNDA:0,(anonymous_2)
FNDA:0,connectWithRetries
DA:11,0
DA:24,0
DA:25,0
DA:26,0
DA:28,0
DA:29,0
DA:30,0
DA:38,0
DA:60,0
DA:61,0
DA:62,0
DA:63,0
DA:64,0
DA:67,0
DA:68,0
DA:72,0
LF:16
LH:0
BRDA:24,0,0,0
BRDA:24,0,1,0
BRDA:41,1,0,0
BRDA:41,2,0,0
BRDA:67,3,0,0
BRDA:67,3,1,0
BRF:6
BRH:0
end_of_record
TN:
SF:src\utils\mime.js
FN:13,contentTypeFor
FNF:1
FNH:0
FNDA:0,contentTypeFor
DA:1,0
DA:14,0
LF:2
LH:0
BRDA:14,0,0,0
BRDA:14,0,1,0
BRF:2
BRH:0
end_of_record
TN:
SF:src\utils\databaseWrappers\postgresql_wrapper.js
FN:3,PostgreSQL
FN:21,execute
FN:32,query
FN:42,close
FNF:4
FNH:0
FNDA:0,PostgreSQL
FNDA:0,execute
FNDA:0,query
FNDA:0,close
DA:5,0
DA:6,0
DA:10,0
DA:11,0
DA:12,0
DA:13,0
DA:17,0
DA:18,0
DA:22,0
DA:23,0
DA:24,0
DA:27,0
DA:33,0
DA:34,0
DA:35,0
DA:37,0
DA:43,0
DA:45,0
DA:46,0
DA:56,0
LF:20
LH:0
BRDA:5,0,0,0
BRDA:5,0,1,0
BRDA:12,1,0,0
BRDA:12,1,1,0
BRDA:12,2,0,0
BRDA:12,2,1,0
BRDA:12,2,2,0
BRDA:21,3,0,0
BRDA:27,4,0,0
BRDA:27,4,1,0
BRDA:27,5,0,0
BRDA:27,5,1,0
BRDA:32,6,0,0
BRDA:37,7,0,0
BRDA:37,7,1,0
BRDA:37,8,0,0
BRDA:37,8,1,0
BRDA:45,9,0,0
BRDA:45,9,1,0
BRDA:45,10,0,0
BRDA:45,10,1,0
BRF:21
BRH:0
end_of_record
TN:
SF:src\utils\databaseWrappers\sqlite_wrapper.js
FN:6,makePathDB
FN:18,SQLite
FN:29,execute
FN:44,query
FN:59,close
FNF:5
FNH:0
FNDA:0,makePathDB
FNDA:0,SQLite
FNDA:0,execute
FNDA:0,query
FNDA:0,close
DA:7,0
DA:8,0
DA:10,0
DA:12,0
DA:13,0
DA:15,0
DA:20,0
DA:22,0
DA:27,0
DA:30,0
DA:31,0
DA:32,0
DA:34,0
DA:35,0
DA:36,0
DA:39,0
DA:40,0
DA:45,0
DA:46,0
DA:47,0
DA:49,0
DA:50,0
DA:51,0
DA:54,0
DA:55,0
DA:60,0
DA:63,0
LF:27
LH:0
BRDA:29,0,0,0
BRDA:44,1,0,0
BRF:2
BRH:0
end_of_record
